2025-09-03 23:57:33.557 | INFO     | src.ingestion.ingest:ingest_folder:38 - Added 595 chunks from data\Kali-Linux-Revealed-2021-edition.pdf
2025-09-03 23:58:23.133 | INFO     | src.ingestion.ingest:ingest_folder:38 - Added 595 chunks from data\Kali-Linux-Revealed-2021-edition.pdf
2025-09-03 23:59:11.319 | INFO     | src.ingestion.ingest:ingest_folder:38 - Added 595 chunks from data\Kali-Linux-Revealed-2021-edition.pdf
2025-09-04 00:01:03.782 | INFO     | src.ingestion.ingest:ingest_folder:38 - Added 595 chunks from data\Kali-Linux-Revealed-2021-edition.pdf
2025-09-04 00:01:06.002 | INFO     | src.ingestion.ingest:ingest_folder:38 - Added 595 chunks from data\Kali-Linux-Revealed-2021-edition.pdf
2025-09-04 00:02:04.737 | INFO     | src.ingestion.ingest:ingest_folder:38 - Added 595 chunks from data\Kali-Linux-Revealed-2021-edition.pdf
2025-09-04 18:21:57.456 | INFO     | src.ingestion.ingest:ingest_folder:72 - Added 967 chunks from data\project_1_publications.json
2025-09-04 18:22:31.992 | INFO     | src.ingestion.ingest:ingest_folder:65 - Skipped data\project_1_publications.json (already ingested)
2025-09-04 18:22:32.314 | INFO     | src.ingestion.ingest:ingest_folder:65 - Skipped data\project_1_publications.json (already ingested)
2025-09-04 18:23:04.665 | INFO     | src.ingestion.ingest:ingest_folder:65 - Skipped data\project_1_publications.json (already ingested)
2025-09-04 18:23:09.093 | INFO     | src.ingestion.ingest:ingest_folder:65 - Skipped data\project_1_publications.json (already ingested)
2025-09-04 18:23:28.872 | INFO     | src.ingestion.ingest:ingest_folder:65 - Skipped data\project_1_publications.json (already ingested)
2025-09-04 18:23:29.181 | INFO     | src.ingestion.ingest:ingest_folder:65 - Skipped data\project_1_publications.json (already ingested)
2025-09-04 18:23:46.307 | INFO     | src.ingestion.ingest:ingest_folder:65 - Skipped data\project_1_publications.json (already ingested)
2025-09-04 18:23:49.323 | INFO     | src.ingestion.ingest:ingest_folder:65 - Skipped data\project_1_publications.json (already ingested)
2025-09-04 18:24:09.940 | INFO     | src.ingestion.ingest:ingest_folder:65 - Skipped data\project_1_publications.json (already ingested)
2025-09-04 18:24:12.482 | INFO     | src.ingestion.ingest:ingest_folder:65 - Skipped data\project_1_publications.json (already ingested)
2025-09-04 18:24:21.454 | INFO     | src.ingestion.ingest:ingest_folder:65 - Skipped data\project_1_publications.json (already ingested)
2025-09-04 18:24:21.773 | INFO     | src.ingestion.ingest:ingest_folder:65 - Skipped data\project_1_publications.json (already ingested)
2025-09-04 18:24:35.759 | INFO     | src.ingestion.ingest:ingest_folder:65 - Skipped data\project_1_publications.json (already ingested)
2025-09-04 18:24:38.439 | INFO     | src.ingestion.ingest:ingest_folder:65 - Skipped data\project_1_publications.json (already ingested)
2025-12-17 23:25:05.372 | INFO     | src.ingestion.ingest:ingest_folder:65 - Skipped data\project_1_publications.json (already ingested)
2025-12-17 23:25:05.657 | INFO     | src.ingestion.ingest:ingest_folder:72 - Added 1 chunks from data\sample.txt
2025-12-17 23:25:08.588 | INFO     | src.ingestion.ingest:ingest_folder:72 - Added 33 chunks from data\Statistical Learning - M3.pdf
2025-12-17 23:25:41.920 | INFO     | src.ingestion.ingest:ingest_folder:65 - Skipped data\project_1_publications.json (already ingested)
2025-12-17 23:25:41.923 | INFO     | src.ingestion.ingest:ingest_folder:65 - Skipped data\sample.txt (already ingested)
2025-12-17 23:25:41.953 | INFO     | src.ingestion.ingest:ingest_folder:65 - Skipped data\Statistical Learning - M3.pdf (already ingested)
2025-12-17 23:25:44.344 | INFO     | src.ingestion.ingest:ingest_folder:65 - Skipped data\project_1_publications.json (already ingested)
2025-12-17 23:25:44.348 | INFO     | src.ingestion.ingest:ingest_folder:65 - Skipped data\sample.txt (already ingested)
2025-12-17 23:25:44.377 | INFO     | src.ingestion.ingest:ingest_folder:65 - Skipped data\Statistical Learning - M3.pdf (already ingested)
2025-12-17 23:28:34.908 | INFO     | src.ingestion.ingest:ingest_folder:65 - Skipped data\project_1_publications.json (already ingested)
2025-12-17 23:28:34.908 | INFO     | src.ingestion.ingest:ingest_folder:65 - Skipped data\sample.txt (already ingested)
2025-12-17 23:28:34.944 | INFO     | src.ingestion.ingest:ingest_folder:65 - Skipped data\Statistical Learning - M3.pdf (already ingested)
2025-12-17 23:28:50.534 | INFO     | src.ingestion.ingest:ingest_folder:65 - Skipped data\project_1_publications.json (already ingested)
2025-12-17 23:28:50.543 | INFO     | src.ingestion.ingest:ingest_folder:65 - Skipped data\sample.txt (already ingested)
2025-12-17 23:28:50.581 | INFO     | src.ingestion.ingest:ingest_folder:65 - Skipped data\Statistical Learning - M3.pdf (already ingested)
2025-12-17 23:28:50.863 | INFO     | src.ingestion.ingest:ingest_folder:65 - Skipped data\project_1_publications.json (already ingested)
2025-12-17 23:28:50.863 | INFO     | src.ingestion.ingest:ingest_folder:65 - Skipped data\sample.txt (already ingested)
2025-12-17 23:28:50.903 | INFO     | src.ingestion.ingest:ingest_folder:65 - Skipped data\Statistical Learning - M3.pdf (already ingested)
2025-12-17 23:29:03.653 | INFO     | src.ingestion.ingest:ingest_folder:65 - Skipped data\project_1_publications.json (already ingested)
2025-12-17 23:29:03.656 | INFO     | src.ingestion.ingest:ingest_folder:65 - Skipped data\sample.txt (already ingested)
2025-12-17 23:29:03.689 | INFO     | src.ingestion.ingest:ingest_folder:65 - Skipped data\Statistical Learning - M3.pdf (already ingested)
2025-12-17 23:29:07.424 | INFO     | src.ingestion.ingest:ingest_folder:65 - Skipped data\project_1_publications.json (already ingested)
2025-12-17 23:29:07.428 | INFO     | src.ingestion.ingest:ingest_folder:65 - Skipped data\sample.txt (already ingested)
2025-12-17 23:29:07.449 | INFO     | src.ingestion.ingest:ingest_folder:65 - Skipped data\Statistical Learning - M3.pdf (already ingested)
2025-12-17 23:29:15.129 | INFO     | src.ingestion.ingest:ingest_folder:65 - Skipped data\project_1_publications.json (already ingested)
2025-12-17 23:29:18.786 | INFO     | src.ingestion.ingest:ingest_folder:72 - Added 41 chunks from data\RespBERT_A_Multi-Site_Validation_of_a_Natural_Language_Processing_Algorithm_of_Radiology_Notes_to_Identify_Acute_Respiratory_Distress_Syndrome_ARDS.pdf
2025-12-17 23:29:18.786 | INFO     | src.ingestion.ingest:ingest_folder:65 - Skipped data\sample.txt (already ingested)
2025-12-17 23:29:18.802 | INFO     | src.ingestion.ingest:ingest_folder:65 - Skipped data\Statistical Learning - M3.pdf (already ingested)
2025-12-17 23:29:31.344 | INFO     | src.ingestion.ingest:ingest_folder:65 - Skipped data\project_1_publications.json (already ingested)
2025-12-17 23:29:31.383 | INFO     | src.ingestion.ingest:ingest_folder:65 - Skipped data\RespBERT_A_Multi-Site_Validation_of_a_Natural_Language_Processing_Algorithm_of_Radiology_Notes_to_Identify_Acute_Respiratory_Distress_Syndrome_ARDS.pdf (already ingested)
2025-12-17 23:29:31.386 | INFO     | src.ingestion.ingest:ingest_folder:65 - Skipped data\sample.txt (already ingested)
2025-12-17 23:29:31.402 | INFO     | src.ingestion.ingest:ingest_folder:65 - Skipped data\Statistical Learning - M3.pdf (already ingested)
2025-12-17 23:31:11.489 | INFO     | src.ingestion.ingest:ingest_folder:65 - Skipped data\project_1_publications.json (already ingested)
2025-12-17 23:31:11.531 | INFO     | src.ingestion.ingest:ingest_folder:65 - Skipped data\RespBERT_A_Multi-Site_Validation_of_a_Natural_Language_Processing_Algorithm_of_Radiology_Notes_to_Identify_Acute_Respiratory_Distress_Syndrome_ARDS.pdf (already ingested)
2025-12-17 23:31:11.540 | INFO     | src.ingestion.ingest:ingest_folder:65 - Skipped data\sample.txt (already ingested)
2025-12-17 23:31:11.561 | INFO     | src.ingestion.ingest:ingest_folder:65 - Skipped data\Statistical Learning - M3.pdf (already ingested)
2025-12-17 23:31:13.408 | INFO     | src.ingestion.ingest:ingest_folder:65 - Skipped data\project_1_publications.json (already ingested)
2025-12-17 23:31:13.441 | INFO     | src.ingestion.ingest:ingest_folder:65 - Skipped data\RespBERT_A_Multi-Site_Validation_of_a_Natural_Language_Processing_Algorithm_of_Radiology_Notes_to_Identify_Acute_Respiratory_Distress_Syndrome_ARDS.pdf (already ingested)
2025-12-17 23:31:13.444 | INFO     | src.ingestion.ingest:ingest_folder:65 - Skipped data\sample.txt (already ingested)
2025-12-17 23:31:13.464 | INFO     | src.ingestion.ingest:ingest_folder:65 - Skipped data\Statistical Learning - M3.pdf (already ingested)
2025-12-17 23:35:13.950 | INFO     | src.ingestion.ingest:ingest_folder:65 - Skipped data\project_1_publications.json (already ingested)
2025-12-17 23:35:13.960 | INFO     | src.ingestion.ingest:ingest_folder:65 - Skipped data\sample.txt (already ingested)
2025-12-17 23:35:20.955 | INFO     | src.ingestion.ingest:ingest_folder:65 - Skipped data\project_1_publications.json (already ingested)
2025-12-17 23:35:20.955 | INFO     | src.ingestion.ingest:ingest_folder:65 - Skipped data\sample.txt (already ingested)
2025-12-17 23:35:23.289 | INFO     | src.ingestion.ingest:ingest_folder:65 - Skipped data\project_1_publications.json (already ingested)
2025-12-17 23:35:23.289 | INFO     | src.ingestion.ingest:ingest_folder:65 - Skipped data\sample.txt (already ingested)
2025-12-17 23:35:28.950 | INFO     | src.ingestion.ingest:ingest_folder:65 - Skipped data\project_1_publications.json (already ingested)
2025-12-17 23:35:28.954 | INFO     | src.ingestion.ingest:ingest_folder:65 - Skipped data\sample.txt (already ingested)
2025-12-17 23:35:45.866 | INFO     | src.ingestion.ingest:ingest_folder:65 - Skipped data\project_1_publications.json (already ingested)
2025-12-17 23:35:45.866 | INFO     | src.ingestion.ingest:ingest_folder:65 - Skipped data\sample.txt (already ingested)
2025-12-17 23:36:03.660 | INFO     | src.ingestion.ingest:ingest_folder:65 - Skipped data\project_1_publications.json (already ingested)
2025-12-17 23:36:03.666 | INFO     | src.ingestion.ingest:ingest_folder:65 - Skipped data\sample.txt (already ingested)
2025-12-17 23:36:03.961 | INFO     | src.ingestion.ingest:ingest_folder:65 - Skipped data\project_1_publications.json (already ingested)
2025-12-17 23:36:03.966 | INFO     | src.ingestion.ingest:ingest_folder:65 - Skipped data\sample.txt (already ingested)
2025-12-17 23:37:50.243 | INFO     | src.ingestion.ingest:ingest_folder:65 - Skipped data\project_1_publications.json (already ingested)
2025-12-17 23:37:50.243 | INFO     | src.ingestion.ingest:ingest_folder:65 - Skipped data\sample.txt (already ingested)
